<?xml version="1.0" encoding="UTF-8"?>
<testng-results ignored="0" total="1" passed="1" failed="0" skipped="0">
  <reporter-output>
  </reporter-output>
  <suite started-at="2021-10-11T17:06:49 IST" name="All Test Suite" finished-at="2021-10-11T17:07:05 IST" duration-ms="16210">
    <groups>
    </groups>
    <test started-at="2021-10-11T17:06:49 IST" name="Test1" finished-at="2021-10-11T17:07:05 IST" duration-ms="16210">
      <class name="TestCase">
        <test-method signature="test1()[pri:0, instance:TestCase@482cd91f]" started-at="2021-10-11T17:06:49 IST" name="test1" finished-at="2021-10-11T17:07:05 IST" duration-ms="16136" status="PASS">
          <reporter-output>
          </reporter-output>
        </test-method> <!-- test1 -->
      </class> <!-- TestCase -->
    </test> <!-- Test1 -->
  </suite> <!-- All Test Suite -->
</testng-results>
