<?xml version="1.0" encoding="UTF-8"?>
<testng-results skipped="0" failed="0" ignored="0" total="1" passed="1">
  <reporter-output>
  </reporter-output>
  <suite name="Default Suite" duration-ms="53" started-at="2021-10-08T08:19:06 IST" finished-at="2021-10-08T08:19:06 IST">
    <groups>
    </groups>
    <test name="SeleniumMavenNew" duration-ms="53" started-at="2021-10-08T08:19:06 IST" finished-at="2021-10-08T08:19:06 IST">
      <class name="TestCase">
        <test-method status="PASS" signature="test1()[pri:0, instance:TestCase@42dafa95]" name="test1" duration-ms="7" started-at="2021-10-08T08:19:06 IST" finished-at="2021-10-08T08:19:06 IST">
          <reporter-output>
          </reporter-output>
        </test-method> <!-- test1 -->
      </class> <!-- TestCase -->
    </test> <!-- SeleniumMavenNew -->
  </suite> <!-- Default Suite -->
</testng-results>
